usage: freqtrade [-h] [-V]
                 {trade,create-userdir,new-config,new-strategy,download-data,convert-data,convert-trade-data,trades-to-ohlcv,list-data,backtesting,backtesting-show,backtesting-analysis,edge,hyperopt,hyperopt-list,hyperopt-show,list-exchanges,list-markets,list-pairs,list-strategies,list-freqaimodels,list-timeframes,show-trades,test-pairlist,convert-db,install-ui,plot-dataframe,plot-profit,webserver,strategy-updater,lookahead-analysis}
                 ...
freqtrade: error: argument command: invalid choice: 'PriceSpikeStrategy' (choose from 'trade', 'create-userdir', 'new-config', 'new-strategy', 'download-data', 'convert-data', 'convert-trade-data', 'trades-to-ohlcv', 'list-data', 'backtesting', 'backtesting-show', 'backtesting-analysis', 'edge', 'hyperopt', 'hyperopt-list', 'hyperopt-show', 'list-exchanges', 'list-markets', 'list-pairs', 'list-strategies', 'list-freqaimodels', 'list-timeframes', 'show-trades', 'test-pairlist', 'convert-db', 'install-ui', 'plot-dataframe', 'plot-profit', 'webserver', 'strategy-updater', 'lookahead-analysis')
2023-09-13 22:16:29,331 - freqtrade - INFO - freqtrade 2023.9-dev-a52cf42
2023-09-13 22:16:29,897 - freqtrade.worker - INFO - Starting worker 2023.9-dev-a52cf42
2023-09-13 22:16:29,897 - freqtrade.configuration.load_config - INFO - Using config: config.json ...
2023-09-13 22:16:29,898 - freqtrade.loggers - INFO - Verbosity set to 0
2023-09-13 22:16:29,898 - freqtrade.configuration.configuration - INFO - Runmode set to live.
2023-09-13 22:16:29,898 - freqtrade.configuration.configuration - INFO - Dry run is disabled
2023-09-13 22:16:29,898 - freqtrade.configuration.configuration - INFO - Using DB: "sqlite:///tradesv3.sqlite"
2023-09-13 22:16:29,898 - freqtrade.configuration.configuration - INFO - Using max_open_trades: 1 ...
2023-09-13 22:16:29,898 - freqtrade.configuration.configuration - INFO - Using user-data directory: /home/al/source/freqtrade/user_data ...
2023-09-13 22:16:29,899 - freqtrade.configuration.configuration - INFO - Using data directory: /home/al/source/freqtrade/user_data/data/gateio ...
2023-09-13 22:16:29,899 - freqtrade.exchange.check_exchange - INFO - Checking exchange...
2023-09-13 22:16:29,911 - freqtrade.exchange.check_exchange - INFO - Exchange "gateio" is officially supported by the Freqtrade development team.
2023-09-13 22:16:29,911 - freqtrade.configuration.configuration - INFO - Using pairlist from configuration.
2023-09-13 22:16:29,992 - freqtrade.resolvers.iresolver - INFO - Using resolved strategy PriceSpikeStrategy from '/home/al/source/freqtrade/user_data/strategies/PriceSpikeStrategy.py'...
2023-09-13 22:16:29,992 - freqtrade.strategy.hyper - INFO - Found no parameter file.
2023-09-13 22:16:29,992 - freqtrade.resolvers.strategy_resolver - INFO - Override strategy 'timeframe' with value in config file: 1m.
2023-09-13 22:16:29,992 - freqtrade.resolvers.strategy_resolver - INFO - Override strategy 'stake_currency' with value in config file: USDT.
2023-09-13 22:16:29,992 - freqtrade.resolvers.strategy_resolver - INFO - Override strategy 'stake_amount' with value in config file: 0.2.
2023-09-13 22:16:29,993 - freqtrade.resolvers.strategy_resolver - INFO - Override strategy 'unfilledtimeout' with value in config file: {'entry': 3, 'exit': 3, 'exit_timeout_count': 3, 'unit': 'minutes'}.
2023-09-13 22:16:29,993 - freqtrade.resolvers.strategy_resolver - INFO - Override strategy 'max_open_trades' with value in config file: 1.
2023-09-13 22:16:29,993 - freqtrade.resolvers.strategy_resolver - INFO - Strategy using minimal_roi: {'60': 0.01, '30': 0.02, '0': 0.04}
2023-09-13 22:16:29,993 - freqtrade.resolvers.strategy_resolver - INFO - Strategy using timeframe: 1m
2023-09-13 22:16:29,993 - freqtrade.resolvers.strategy_resolver - INFO - Strategy using stoploss: -0.05
2023-09-13 22:16:29,993 - freqtrade.resolvers.strategy_resolver - INFO - Strategy using trailing_stop: False
2023-09-13 22:16:29,993 - freqtrade.resolvers.strategy_resolver - INFO - Strategy using trailing_stop_positive_offset: 0.0
2023-09-13 22:16:29,993 - freqtrade.resolvers.strategy_resolver - INFO - Strategy using trailing_only_offset_is_reached: False
2023-09-13 22:16:29,993 - freqtrade.resolvers.strategy_resolver - INFO - Strategy using use_custom_stoploss: False
2023-09-13 22:16:29,993 - freqtrade.resolvers.strategy_resolver - INFO - Strategy using process_only_new_candles: True
2023-09-13 22:16:29,993 - freqtrade.resolvers.strategy_resolver - INFO - Strategy using order_types: {'entry': 'limit', 'exit': 'limit', 'stoploss': 'market', 'stoploss_on_exchange': False}
2023-09-13 22:16:29,993 - freqtrade.resolvers.strategy_resolver - INFO - Strategy using order_time_in_force: {'entry': 'GTC', 'exit': 'GTC'}
2023-09-13 22:16:29,993 - freqtrade.resolvers.strategy_resolver - INFO - Strategy using stake_currency: USDT
2023-09-13 22:16:29,993 - freqtrade.resolvers.strategy_resolver - INFO - Strategy using stake_amount: 0.2
2023-09-13 22:16:29,993 - freqtrade.resolvers.strategy_resolver - INFO - Strategy using protections: []
2023-09-13 22:16:29,993 - freqtrade.resolvers.strategy_resolver - INFO - Strategy using startup_candle_count: 30
2023-09-13 22:16:29,993 - freqtrade.resolvers.strategy_resolver - INFO - Strategy using unfilledtimeout: {'entry': 3, 'exit': 3, 'exit_timeout_count': 3, 'unit': 'minutes'}
2023-09-13 22:16:29,993 - freqtrade.resolvers.strategy_resolver - INFO - Strategy using use_exit_signal: True
2023-09-13 22:16:29,993 - freqtrade.resolvers.strategy_resolver - INFO - Strategy using exit_profit_only: False
2023-09-13 22:16:29,993 - freqtrade.resolvers.strategy_resolver - INFO - Strategy using ignore_roi_if_entry_signal: False
2023-09-13 22:16:29,993 - freqtrade.resolvers.strategy_resolver - INFO - Strategy using exit_profit_offset: 0.0
2023-09-13 22:16:29,993 - freqtrade.resolvers.strategy_resolver - INFO - Strategy using disable_dataframe_checks: False
2023-09-13 22:16:29,993 - freqtrade.resolvers.strategy_resolver - INFO - Strategy using ignore_buying_expired_candle_after: 0
2023-09-13 22:16:29,993 - freqtrade.resolvers.strategy_resolver - INFO - Strategy using position_adjustment_enable: False
2023-09-13 22:16:29,993 - freqtrade.resolvers.strategy_resolver - INFO - Strategy using max_entry_position_adjustment: -1
2023-09-13 22:16:29,993 - freqtrade.resolvers.strategy_resolver - INFO - Strategy using max_open_trades: 1
2023-09-13 22:16:29,994 - freqtrade.configuration.config_validation - INFO - Validating configuration ...
2023-09-13 22:16:29,996 - freqtrade.exchange.exchange - INFO - Using CCXT 4.0.88
2023-09-13 22:16:29,996 - freqtrade.exchange.exchange - INFO - Applying additional ccxt config: {'options': {'defaultType': 'swap'}}
2023-09-13 22:16:30,001 - freqtrade.exchange.exchange - INFO - Applying additional ccxt config: {'options': {'defaultType': 'swap'}}
2023-09-13 22:16:30,005 - freqtrade.exchange.exchange - INFO - Using Exchange "Gate.io"
2023-09-13 22:16:34,206 - freqtrade.resolvers.exchange_resolver - INFO - Using resolved exchange 'Gate'...
2023-09-13 22:16:34,362 - freqtrade.wallets - INFO - Wallets synced.
2023-09-13 22:16:34,363 - freqtrade.resolvers.iresolver - INFO - Using resolved pairlist StaticPairList from '/home/al/source/freqtrade/freqtrade/plugins/pairlist/StaticPairList.py'...
2023-09-13 22:20:34,571 - urllib3.connectionpool - WARNING - Retrying (Retry(total=0, connect=None, read=None, redirect=None, status=None)) after connection broken by 'ConnectTimeoutError(<urllib3.connection.HTTPSConnection object at 0x7fa362bc29d0>, 'Connection to api.coingecko.com timed out. (connect timeout=120)')': /api/v3/coins/list
2023-09-13 22:24:34,685 - freqtrade.rpc.fiat_convert - ERROR - Could not load FIAT Cryptocurrency map for the following problem: HTTPSConnectionPool(host='api.coingecko.com', port=443): Max retries exceeded with url: /api/v3/coins/list (Caused by ConnectTimeoutError(<urllib3.connection.HTTPSConnection object at 0x7fa362bc2130>, 'Connection to api.coingecko.com timed out. (connect timeout=120)'))
2023-09-13 22:24:34,685 - freqtrade.rpc.rpc_manager - INFO - Enabling rpc.api_server
2023-09-13 22:24:35,198 - freqtrade.rpc.api_server.webserver - INFO - Starting HTTP Server at 0.0.0.0:8080
2023-09-13 22:24:35,199 - freqtrade.rpc.api_server.webserver - WARNING - SECURITY WARNING - Local Rest Server listening to external connections
2023-09-13 22:24:35,199 - freqtrade.rpc.api_server.webserver - WARNING - SECURITY WARNING - This is insecure please set to your loopback,e.g 127.0.0.1 in config.json
2023-09-13 22:24:35,199 - freqtrade.rpc.api_server.webserver - INFO - Starting Local Rest Server.
2023-09-13 22:24:35,221 - uvicorn.error - INFO - Started server process [34316]
2023-09-13 22:24:35,221 - uvicorn.error - INFO - Waiting for application startup.
2023-09-13 22:24:35,221 - uvicorn.error - INFO - Application startup complete.
2023-09-13 22:24:35,221 - uvicorn.error - INFO - Uvicorn running on http://0.0.0.0:8080 (Press CTRL+C to quit)
2023-09-13 22:24:35,223 - freqtrade.resolvers.iresolver - INFO - Using resolved pairlist StaticPairList from '/home/al/source/freqtrade/freqtrade/plugins/pairlist/StaticPairList.py'...
2023-09-13 22:24:35,237 - freqtrade.plugins.pairlistmanager - INFO - Whitelist with 1 pairs: ['ETH/USDT:USDT']
2023-09-13 22:24:35,239 - freqtrade.strategy.hyper - INFO - No params for buy found, using default values.
2023-09-13 22:24:35,239 - freqtrade.strategy.hyper - INFO - Strategy Parameter(default): price_spike_threshold_buy = 1.5
2023-09-13 22:24:35,239 - freqtrade.strategy.hyper - INFO - No params for sell found, using default values.
2023-09-13 22:24:35,240 - freqtrade.strategy.hyper - INFO - Strategy Parameter(default): price_spike_threshold_sell = -1.5
2023-09-13 22:24:35,240 - freqtrade.strategy.hyper - INFO - No params for protection found, using default values.
2023-09-13 22:24:35,240 - freqtrade.plugins.protectionmanager - INFO - No protection Handlers defined.
2023-09-13 22:24:35,240 - freqtrade.rpc.rpc_manager - INFO - Sending rpc message: {'type': status, 'status': 'running'}
2023-09-13 22:24:35,240 - freqtrade.worker - INFO - Changing state to: RUNNING
2023-09-13 22:24:35,264 - freqtrade.rpc.rpc_manager - INFO - Sending rpc message: {'type': startup, 'status': "*Exchange:* `gateio`\n*Stake per trade:* `0.2 USDT`\n*Minimum ROI:* `{'60': 0.01, '30': 0.02, '0': 0.04}`\n*Stoploss:* `-0.05`\n*Position adjustment:* `Off`\n*Timeframe:* `1m`\n*Strategy:* `PriceSpikeStrategy`"}
2023-09-13 22:24:35,264 - freqtrade.rpc.rpc_manager - INFO - Sending rpc message: {'type': startup, 'status': "Searching for USDT pairs to buy and sell based on [{'StaticPairList': 'StaticPairList'}]"}
2023-09-13 22:24:35,270 - freqtrade.freqtradebot - INFO - Updating 0 open orders.
2023-09-13 22:24:38,283 - freqtrade.worker - INFO - Bot heartbeat. PID=34316, version='2023.9-dev-a52cf42', state='RUNNING'
2023-09-13 22:25:40,188 - freqtrade.worker - INFO - Bot heartbeat. PID=34316, version='2023.9-dev-a52cf42', state='RUNNING'
2023-09-13 22:26:40,205 - freqtrade.worker - INFO - Bot heartbeat. PID=34316, version='2023.9-dev-a52cf42', state='RUNNING'
2023-09-13 22:27:43,220 - freqtrade.worker - INFO - Bot heartbeat. PID=34316, version='2023.9-dev-a52cf42', state='RUNNING'
2023-09-13 22:28:46,234 - freqtrade.worker - INFO - Bot heartbeat. PID=34316, version='2023.9-dev-a52cf42', state='RUNNING'
2023-09-13 22:29:46,235 - freqtrade.worker - INFO - Bot heartbeat. PID=34316, version='2023.9-dev-a52cf42', state='RUNNING'
2023-09-13 22:30:04,536 - freqtrade.wallets - INFO - Wallets synced.
2023-09-13 22:30:49,247 - freqtrade.worker - INFO - Bot heartbeat. PID=34316, version='2023.9-dev-a52cf42', state='RUNNING'
2023-09-13 22:31:49,249 - freqtrade.worker - INFO - Bot heartbeat. PID=34316, version='2023.9-dev-a52cf42', state='RUNNING'
2023-09-13 22:32:49,250 - freqtrade.worker - INFO - Bot heartbeat. PID=34316, version='2023.9-dev-a52cf42', state='RUNNING'
2023-09-13 22:33:52,265 - freqtrade.worker - INFO - Bot heartbeat. PID=34316, version='2023.9-dev-a52cf42', state='RUNNING'
2023-09-13 22:34:52,265 - freqtrade.worker - INFO - Bot heartbeat. PID=34316, version='2023.9-dev-a52cf42', state='RUNNING'
2023-09-13 22:35:55,266 - freqtrade.worker - INFO - Bot heartbeat. PID=34316, version='2023.9-dev-a52cf42', state='RUNNING'
2023-09-13 22:36:55,279 - freqtrade.worker - INFO - Bot heartbeat. PID=34316, version='2023.9-dev-a52cf42', state='RUNNING'
2023-09-13 22:37:55,280 - freqtrade.worker - INFO - Bot heartbeat. PID=34316, version='2023.9-dev-a52cf42', state='RUNNING'
2023-09-13 22:38:58,295 - freqtrade.worker - INFO - Bot heartbeat. PID=34316, version='2023.9-dev-a52cf42', state='RUNNING'
2023-09-13 22:40:01,013 - freqtrade.worker - INFO - Bot heartbeat. PID=34316, version='2023.9-dev-a52cf42', state='RUNNING'
2023-09-13 22:41:04,025 - freqtrade.worker - INFO - Bot heartbeat. PID=34316, version='2023.9-dev-a52cf42', state='RUNNING'
2023-09-13 22:42:07,040 - freqtrade.worker - INFO - Bot heartbeat. PID=34316, version='2023.9-dev-a52cf42', state='RUNNING'
2023-09-13 22:43:10,045 - freqtrade.worker - INFO - Bot heartbeat. PID=34316, version='2023.9-dev-a52cf42', state='RUNNING'
2023-09-13 22:44:10,055 - freqtrade.worker - INFO - Bot heartbeat. PID=34316, version='2023.9-dev-a52cf42', state='RUNNING'
2023-09-13 22:45:04,549 - freqtrade.wallets - INFO - Wallets synced.
2023-09-13 22:45:13,068 - freqtrade.worker - INFO - Bot heartbeat. PID=34316, version='2023.9-dev-a52cf42', state='RUNNING'
2023-09-13 22:46:13,069 - freqtrade.worker - INFO - Bot heartbeat. PID=34316, version='2023.9-dev-a52cf42', state='RUNNING'
2023-09-13 22:47:13,070 - freqtrade.worker - INFO - Bot heartbeat. PID=34316, version='2023.9-dev-a52cf42', state='RUNNING'
2023-09-13 22:48:13,071 - freqtrade.worker - INFO - Bot heartbeat. PID=34316, version='2023.9-dev-a52cf42', state='RUNNING'
2023-09-13 22:49:16,085 - freqtrade.worker - INFO - Bot heartbeat. PID=34316, version='2023.9-dev-a52cf42', state='RUNNING'
2023-09-13 22:50:19,100 - freqtrade.worker - INFO - Bot heartbeat. PID=34316, version='2023.9-dev-a52cf42', state='RUNNING'
2023-09-13 22:51:19,100 - freqtrade.worker - INFO - Bot heartbeat. PID=34316, version='2023.9-dev-a52cf42', state='RUNNING'
2023-09-13 22:52:22,115 - freqtrade.worker - INFO - Bot heartbeat. PID=34316, version='2023.9-dev-a52cf42', state='RUNNING'
2023-09-13 22:53:22,115 - freqtrade.worker - INFO - Bot heartbeat. PID=34316, version='2023.9-dev-a52cf42', state='RUNNING'
2023-09-13 22:54:22,115 - freqtrade.worker - INFO - Bot heartbeat. PID=34316, version='2023.9-dev-a52cf42', state='RUNNING'
2023-09-13 22:55:25,130 - freqtrade.worker - INFO - Bot heartbeat. PID=34316, version='2023.9-dev-a52cf42', state='RUNNING'
2023-09-13 22:56:25,130 - freqtrade.worker - INFO - Bot heartbeat. PID=34316, version='2023.9-dev-a52cf42', state='RUNNING'
2023-09-13 22:57:25,131 - freqtrade.worker - INFO - Bot heartbeat. PID=34316, version='2023.9-dev-a52cf42', state='RUNNING'
2023-09-13 22:58:01,954 - freqtrade.wallets - INFO - Wallets synced.
2023-09-13 22:58:01,959 - freqtrade.freqtradebot - WARNING - Unable to create trade for ETH/USDT:USDT: Available balance (2.9948094e-07 USDT) is lower than stake amount (0.2 USDT)
2023-09-13 22:58:04,222 - freqtrade.wallets - INFO - Wallets synced.
2023-09-13 22:58:04,225 - freqtrade.freqtradebot - WARNING - Unable to create trade for ETH/USDT:USDT: Available balance (2.9948094e-07 USDT) is lower than stake amount (0.2 USDT)
2023-09-13 22:58:07,230 - freqtrade.wallets - INFO - Wallets synced.
2023-09-13 22:58:07,233 - freqtrade.freqtradebot - WARNING - Unable to create trade for ETH/USDT:USDT: Available balance (2.9948094e-07 USDT) is lower than stake amount (0.2 USDT)
2023-09-13 22:58:10,233 - freqtrade.wallets - INFO - Wallets synced.
2023-09-13 22:58:10,235 - freqtrade.freqtradebot - WARNING - Unable to create trade for ETH/USDT:USDT: Available balance (2.9948094e-07 USDT) is lower than stake amount (0.2 USDT)
2023-09-13 22:58:13,242 - freqtrade.wallets - INFO - Wallets synced.
2023-09-13 22:58:13,244 - freqtrade.freqtradebot - WARNING - Unable to create trade for ETH/USDT:USDT: Available balance (2.9948094e-07 USDT) is lower than stake amount (0.2 USDT)
2023-09-13 22:58:16,269 - freqtrade.wallets - INFO - Wallets synced.
2023-09-13 22:58:16,273 - freqtrade.freqtradebot - WARNING - Unable to create trade for ETH/USDT:USDT: Available balance (2.9948094e-07 USDT) is lower than stake amount (0.2 USDT)
2023-09-13 22:58:19,276 - freqtrade.wallets - INFO - Wallets synced.
2023-09-13 22:58:19,279 - freqtrade.freqtradebot - WARNING - Unable to create trade for ETH/USDT:USDT: Available balance (2.9948094e-07 USDT) is lower than stake amount (0.2 USDT)
2023-09-13 22:58:22,283 - freqtrade.wallets - INFO - Wallets synced.
2023-09-13 22:58:22,287 - freqtrade.freqtradebot - WARNING - Unable to create trade for ETH/USDT:USDT: Available balance (2.9948094e-07 USDT) is lower than stake amount (0.2 USDT)
2023-09-13 22:58:25,302 - freqtrade.wallets - INFO - Wallets synced.
2023-09-13 22:58:25,305 - freqtrade.freqtradebot - WARNING - Unable to create trade for ETH/USDT:USDT: Available balance (2.9948094e-07 USDT) is lower than stake amount (0.2 USDT)
2023-09-13 22:58:28,137 - freqtrade.worker - INFO - Bot heartbeat. PID=34316, version='2023.9-dev-a52cf42', state='RUNNING'
2023-09-13 22:58:28,308 - freqtrade.wallets - INFO - Wallets synced.
2023-09-13 22:58:28,311 - freqtrade.freqtradebot - WARNING - Unable to create trade for ETH/USDT:USDT: Available balance (2.9948094e-07 USDT) is lower than stake amount (0.2 USDT)
2023-09-13 22:58:31,325 - freqtrade.wallets - INFO - Wallets synced.
2023-09-13 22:58:31,330 - freqtrade.freqtradebot - WARNING - Unable to create trade for ETH/USDT:USDT: Available balance (2.9948094e-07 USDT) is lower than stake amount (0.2 USDT)
2023-09-13 22:58:34,365 - freqtrade.wallets - INFO - Wallets synced.
2023-09-13 22:58:34,368 - freqtrade.freqtradebot - WARNING - Unable to create trade for ETH/USDT:USDT: Available balance (2.9948094e-07 USDT) is lower than stake amount (0.2 USDT)
2023-09-13 22:58:37,356 - freqtrade.wallets - INFO - Wallets synced.
2023-09-13 22:58:37,359 - freqtrade.freqtradebot - WARNING - Unable to create trade for ETH/USDT:USDT: Available balance (2.9948094e-07 USDT) is lower than stake amount (0.2 USDT)
2023-09-13 22:58:40,398 - freqtrade.wallets - INFO - Wallets synced.
2023-09-13 22:58:40,401 - freqtrade.freqtradebot - WARNING - Unable to create trade for ETH/USDT:USDT: Available balance (2.9948094e-07 USDT) is lower than stake amount (0.2 USDT)
2023-09-13 22:58:43,383 - freqtrade.wallets - INFO - Wallets synced.
2023-09-13 22:58:43,385 - freqtrade.freqtradebot - WARNING - Unable to create trade for ETH/USDT:USDT: Available balance (2.9948094e-07 USDT) is lower than stake amount (0.2 USDT)
2023-09-13 22:58:46,395 - freqtrade.wallets - INFO - Wallets synced.
2023-09-13 22:58:46,398 - freqtrade.freqtradebot - WARNING - Unable to create trade for ETH/USDT:USDT: Available balance (2.9948094e-07 USDT) is lower than stake amount (0.2 USDT)
2023-09-13 22:58:49,412 - freqtrade.wallets - INFO - Wallets synced.
2023-09-13 22:58:49,414 - freqtrade.freqtradebot - WARNING - Unable to create trade for ETH/USDT:USDT: Available balance (2.9948094e-07 USDT) is lower than stake amount (0.2 USDT)
2023-09-13 22:58:52,427 - freqtrade.wallets - INFO - Wallets synced.
2023-09-13 22:58:52,430 - freqtrade.freqtradebot - WARNING - Unable to create trade for ETH/USDT:USDT: Available balance (2.9948094e-07 USDT) is lower than stake amount (0.2 USDT)
2023-09-13 22:58:55,442 - freqtrade.wallets - INFO - Wallets synced.
2023-09-13 22:58:55,445 - freqtrade.freqtradebot - WARNING - Unable to create trade for ETH/USDT:USDT: Available balance (2.9948094e-07 USDT) is lower than stake amount (0.2 USDT)
2023-09-13 22:58:58,460 - freqtrade.wallets - INFO - Wallets synced.
2023-09-13 22:58:58,463 - freqtrade.freqtradebot - WARNING - Unable to create trade for ETH/USDT:USDT: Available balance (2.9948094e-07 USDT) is lower than stake amount (0.2 USDT)
2023-09-13 22:59:28,145 - freqtrade.worker - INFO - Bot heartbeat. PID=34316, version='2023.9-dev-a52cf42', state='RUNNING'
2023-09-13 23:00:04,523 - freqtrade.wallets - INFO - Wallets synced.
2023-09-13 23:00:31,157 - freqtrade.worker - INFO - Bot heartbeat. PID=34316, version='2023.9-dev-a52cf42', state='RUNNING'
2023-09-13 23:01:31,160 - freqtrade.worker - INFO - Bot heartbeat. PID=34316, version='2023.9-dev-a52cf42', state='RUNNING'
2023-09-13 23:02:34,175 - freqtrade.worker - INFO - Bot heartbeat. PID=34316, version='2023.9-dev-a52cf42', state='RUNNING'
2023-09-13 23:03:34,175 - freqtrade.worker - INFO - Bot heartbeat. PID=34316, version='2023.9-dev-a52cf42', state='RUNNING'
2023-09-13 23:04:34,175 - freqtrade.worker - INFO - Bot heartbeat. PID=34316, version='2023.9-dev-a52cf42', state='RUNNING'
2023-09-13 23:05:37,190 - freqtrade.worker - INFO - Bot heartbeat. PID=34316, version='2023.9-dev-a52cf42', state='RUNNING'
2023-09-13 23:06:40,205 - freqtrade.worker - INFO - Bot heartbeat. PID=34316, version='2023.9-dev-a52cf42', state='RUNNING'
2023-09-13 23:07:40,205 - freqtrade.worker - INFO - Bot heartbeat. PID=34316, version='2023.9-dev-a52cf42', state='RUNNING'
2023-09-13 23:08:40,205 - freqtrade.worker - INFO - Bot heartbeat. PID=34316, version='2023.9-dev-a52cf42', state='RUNNING'
2023-09-13 23:09:40,205 - freqtrade.worker - INFO - Bot heartbeat. PID=34316, version='2023.9-dev-a52cf42', state='RUNNING'
2023-09-13 23:10:43,219 - freqtrade.worker - INFO - Bot heartbeat. PID=34316, version='2023.9-dev-a52cf42', state='RUNNING'
2023-09-13 23:11:43,220 - freqtrade.worker - INFO - Bot heartbeat. PID=34316, version='2023.9-dev-a52cf42', state='RUNNING'
